<?xml version="1.0" encoding="UTF-8"?>
<!-- Generated by org.testng.reporters.JUnitXMLReporter -->
<testsuite hostname="DESKTOP-9G2HH03" name="Test12344" tests="1" failures="1" timestamp="6 Nov 2022 13:39:40 GMT" time="11.019" errors="0">
  <testcase name="captureScrrenshot" time="11.01" classname="screenshot.CaptureScreenshotTest">
    <failure type="java.lang.AssertionError" message="expected [Home-Selenium Webdriver Appium Complete Tutorial] but found [Home -Automtion Test]">
      <![CDATA[java.lang.AssertionError: expected [Home-Selenium Webdriver Appium Complete Tutorial] but found [Home -Automtion Test]
	at screenshot.CaptureScreenshotTest.captureScrrenshot(CaptureScreenshotTest.java:16)
... Removed 29 stack frames]]>
    </failure>
  </testcase> <!-- captureScrrenshot -->
</testsuite> <!-- Test12344 -->
